app/build/intermediates/manifest_merge_blame_file/debug/manifest-merger-blame-debug-report.txt
1<?xml version="1.0" encoding="utf-8"?>
2<manifest xmlns:android="http://schemas.android.com/apk/res/android"
3    package="edu.cis.ibcs_app"
4    android:versionCode="1"
5    android:versionName="1.0" >
6
7    <uses-sdk
8        android:minSdkVersion="24"
8-->src/main/AndroidManifest.xml
9        android:targetSdkVersion="30" />
9-->src/main/AndroidManifest.xml
10
11    <uses-permission android:name="android.permission.INTERNET" />
11-->src/main/AndroidManifest.xml:5:5-67
11-->src/main/AndroidManifest.xml:5:22-64
12
13    <application
13-->src/main/AndroidManifest.xml:7:5-38:19
14        android:allowBackup="true"
14-->src/main/AndroidManifest.xml:8:9-35
15        android:appComponentFactory="androidx.core.app.CoreComponentFactory"
15-->[androidx.core:core:1.1.0] AndroidManifest.xml:24:18-86
16        android:debuggable="true"
17        android:extractNativeLibs="false"
18        android:icon="@mipmap/ic_launcher"
18-->src/main/AndroidManifest.xml:9:9-43
19        android:label="@string/app_name"
19-->src/main/AndroidManifest.xml:10:9-41
20        android:roundIcon="@mipmap/ic_launcher_round"
20-->src/main/AndroidManifest.xml:11:9-54
21        android:supportsRtl="true"
21-->src/main/AndroidManifest.xml:12:9-35
22        android:testOnly="true"
23        android:theme="@style/AppTheme" >
23-->src/main/AndroidManifest.xml:13:9-40
24        <activity
24-->src/main/AndroidManifest.xml:14:9-16:40
25            android:name="edu.cis.ibcs_app.Controllers.CartActivity"
25-->src/main/AndroidManifest.xml:15:13-53
26            android:exported="false" />
26-->src/main/AndroidManifest.xml:16:13-37
27        <activity
27-->src/main/AndroidManifest.xml:17:9-19:40
28            android:name="edu.cis.ibcs_app.Controllers.LogInActivity"
28-->src/main/AndroidManifest.xml:18:13-54
29            android:exported="false" />
29-->src/main/AndroidManifest.xml:19:13-37
30        <activity
30-->src/main/AndroidManifest.xml:20:9-22:40
31            android:name="edu.cis.ibcs_app.Controllers.CreateMenuItemsActivity"
31-->src/main/AndroidManifest.xml:21:13-64
32            android:exported="false" />
32-->src/main/AndroidManifest.xml:22:13-37
33        <activity
33-->src/main/AndroidManifest.xml:23:9-25:40
34            android:name="edu.cis.ibcs_app.Controllers.CreateCISUsersActivity"
34-->src/main/AndroidManifest.xml:24:13-63
35            android:exported="false" />
35-->src/main/AndroidManifest.xml:25:13-37
36        <activity
36-->src/main/AndroidManifest.xml:26:9-28:40
37            android:name="edu.cis.ibcs_app.Controllers.CISUserActivity"
37-->src/main/AndroidManifest.xml:27:13-56
38            android:exported="false" />
38-->src/main/AndroidManifest.xml:28:13-37
39        <activity
39-->src/main/AndroidManifest.xml:29:9-37:20
40            android:name="edu.cis.ibcs_app.Controllers.MainActivity"
40-->src/main/AndroidManifest.xml:30:13-53
41            android:label="@string/app_name" >
41-->src/main/AndroidManifest.xml:31:13-45
42            <intent-filter>
42-->src/main/AndroidManifest.xml:32:13-36:29
43                <action android:name="android.intent.action.MAIN" />
43-->src/main/AndroidManifest.xml:33:17-69
43-->src/main/AndroidManifest.xml:33:25-66
44
45                <category android:name="android.intent.category.LAUNCHER" />
45-->src/main/AndroidManifest.xml:35:17-77
45-->src/main/AndroidManifest.xml:35:27-74
46            </intent-filter>
47        </activity>
48
49        <provider
49-->[androidx.lifecycle:lifecycle-process:2.1.0] AndroidManifest.xml:23:9-27:43
50            android:name="androidx.lifecycle.ProcessLifecycleOwnerInitializer"
50-->[androidx.lifecycle:lifecycle-process:2.1.0] AndroidManifest.xml:24:13-79
51            android:authorities="edu.cis.ibcs_app.lifecycle-process"
51-->[androidx.lifecycle:lifecycle-process:2.1.0] AndroidManifest.xml:25:13-69
52            android:exported="false"
52-->[androidx.lifecycle:lifecycle-process:2.1.0] AndroidManifest.xml:26:13-37
53            android:multiprocess="true" />
53-->[androidx.lifecycle:lifecycle-process:2.1.0] AndroidManifest.xml:27:13-40
54    </application>
55
56</manifest>